Using pre-set license
Built from '2021.1/staging' branch; Version is '2021.1.3f1 (4bef613afd59) revision 4976481'; Using compiler version '192528614'; Build Type 'Release'
OS: 'Windows 10 Home; OS build 19042.928; Version 2009; 64bit' Language: 'en' Physical Memory: 16230 MB
BatchMode: 1, IsHumanControllingUs: 0, StartBugReporterOnCrash: 0, Is64bit: 1, IsPro: 0

 COMMAND LINE ARGUMENTS:
C:\Program Files\Unity\Hub\Editor\2021.1.3f1\Editor\Unity.exe
-adb2
-batchMode
-noUpm
-name
AssetImportWorker0
-projectPath
C:/Users/mauri/Documents/1AVANS/Jaar 3 Differentatie/Research and Development/Project/Eindproject/Bodemonderzoek/Bodemonderzoek
-logFile
Logs/AssetImportWorker0.log
-srvPort
54663
Successfully changed project path to: C:/Users/mauri/Documents/1AVANS/Jaar 3 Differentatie/Research and Development/Project/Eindproject/Bodemonderzoek/Bodemonderzoek
C:/Users/mauri/Documents/1AVANS/Jaar 3 Differentatie/Research and Development/Project/Eindproject/Bodemonderzoek/Bodemonderzoek
Using Asset Import Pipeline V2.
Refreshing native plugins compatible for Editor in 147.62 ms, found 6 plugins.
Preloading 0 native plugins for Editor in 0.00 ms.
Initialize engine version: 2021.1.3f1 (4bef613afd59)
[Subsystems] Discovering subsystems at path C:/Program Files/Unity/Hub/Editor/2021.1.3f1/Editor/Data/Resources/UnitySubsystems
[Subsystems] Discovering subsystems at path C:/Users/mauri/Documents/1AVANS/Jaar 3 Differentatie/Research and Development/Project/Eindproject/Bodemonderzoek/Bodemonderzoek/Assets
GfxDevice: creating device client; threaded=0; jobified=0
Direct3D:
    Version:  Direct3D 11.0 [level 11.1]
    Renderer: NVIDIA GeForce GTX 1060 (ID=0x1c20)
    Vendor:   NVIDIA
    VRAM:     6052 MB
    Driver:   27.21.14.6589
Shader 'Universal Render Pipeline/Particles/Lit': fallback shader 'Universal Render Pipeline/Particles/SimpleLit' not found
Initialize mono
Mono path[0] = 'C:/Program Files/Unity/Hub/Editor/2021.1.3f1/Editor/Data/Managed'
Mono path[1] = 'C:/Program Files/Unity/Hub/Editor/2021.1.3f1/Editor/Data/MonoBleedingEdge/lib/mono/unityjit'
Mono config path = 'C:/Program Files/Unity/Hub/Editor/2021.1.3f1/Editor/Data/MonoBleedingEdge/etc'
Using monoOptions --debugger-agent=transport=dt_socket,embedding=1,server=y,suspend=n,address=127.0.0.1:56540
Begin MonoManager ReloadAssembly
Registering precompiled unity dll's ...
Register platform support module: C:/Program Files/Unity/Hub/Editor/2021.1.3f1/Editor/Data/PlaybackEngines/WindowsStandaloneSupport/UnityEditor.WindowsStandalone.Extensions.dll
Registered in 0.003221 seconds.
Native extension for WindowsStandalone target not found
Refreshing native plugins compatible for Editor in 142.76 ms, found 6 plugins.
Preloading 0 native plugins for Editor in 0.00 ms.
Mono: successfully reloaded assembly
- Completed reload, in  1.653 seconds
Platform modules already initialized, skipping
Registering precompiled user dll's ...
Registered in 0.008170 seconds.
Begin MonoManager ReloadAssembly
Native extension for WindowsStandalone target not found
Refreshing native plugins compatible for Editor in 143.57 ms, found 6 plugins.
Preloading 0 native plugins for Editor in 0.00 ms.
Mono: successfully reloaded assembly
- Completed reload, in  1.451 seconds
Platform modules already initialized, skipping
========================================================================
Worker process is ready to serve import requests
Shader 'Universal Render Pipeline/Particles/Lit': fallback shader 'Universal Render Pipeline/Particles/SimpleLit' not found
Launched and connected shader compiler UnityShaderCompiler.exe after 0.06 seconds
Refreshing native plugins compatible for Editor in 1.01 ms, found 6 plugins.
Preloading 0 native plugins for Editor in 0.00 ms.
Unloading 4587 Unused Serialized files (Serialized files now loaded: 0)
System memory in use before: 194.6 MB.
System memory in use after: 194.2 MB.

Unloading 39 unused Assets to reduce memory usage. Loaded Objects now: 5045.
Total: 3.003000 ms (FindLiveObjects: 0.315900 ms CreateObjectMapping: 0.193400 ms MarkObjects: 2.328600 ms  DeleteObjects: 0.164200 ms)

========================================================================
Received Import Request.
  path: Assets/InputSystem.inputsettings.asset
  artifactKey: Guid(c24893a29bb89df4a990015f88316262) Importer(815301076,1909f56bfc062723c751e8b465ee728b)
Start importing Assets/InputSystem.inputsettings.asset using Guid(c24893a29bb89df4a990015f88316262) Importer(815301076,1909f56bfc062723c751e8b465ee728b)  -> (artifact id: '11013fd1c374682a9f0d08aae96aeae4') in 0.053421 seconds 
========================================================================
Received Import Request.
  Time since last request: 167.602191 seconds.
  path: Packages/com.unity.render-pipelines.universal/Editor/ShaderGraph/Includes
  artifactKey: Guid(f9df817efe7f52045a7cd7ae84fd47ae) Importer(815301076,1909f56bfc062723c751e8b465ee728b)
Start importing Packages/com.unity.render-pipelines.universal/Editor/ShaderGraph/Includes using Guid(f9df817efe7f52045a7cd7ae84fd47ae) Importer(815301076,1909f56bfc062723c751e8b465ee728b)  -> (artifact id: '57d8fcbc76e69205dfa1847eddb0830d') in 0.005831 seconds 
========================================================================
Received Import Request.
  Time since last request: 33.087474 seconds.
  path: Assets/Scenes/Interractions.unity
  artifactKey: Guid(034c7332aca82704fbd0794e233cb51a) Importer(815301076,1909f56bfc062723c751e8b465ee728b)
Start importing Assets/Scenes/Interractions.unity using Guid(034c7332aca82704fbd0794e233cb51a) Importer(815301076,1909f56bfc062723c751e8b465ee728b)  -> (artifact id: '82782a2a02c5b4502597995abf5e64ff') in 0.004749 seconds 
========================================================================
Received Import Request.
  Time since last request: 6.282760 seconds.
  path: Assets/Scenes/Brandweerkazerne.unity
  artifactKey: Guid(6e786aea3f6baf64183996111129a52c) Importer(815301076,1909f56bfc062723c751e8b465ee728b)
Start importing Assets/Scenes/Brandweerkazerne.unity using Guid(6e786aea3f6baf64183996111129a52c) Importer(815301076,1909f56bfc062723c751e8b465ee728b)  -> (artifact id: '785084fa5a937ae18cb117dfce52ed14') in 0.004445 seconds 
========================================================================
Received Prepare
Registering precompiled user dll's ...
Registered in 0.020119 seconds.
Begin MonoManager ReloadAssembly
Symbol file LoadedFromMemory is not a mono symbol file
Symbol file LoadedFromMemory is not a mono symbol file
Native extension for WindowsStandalone target not found
Refreshing native plugins compatible for Editor in 1.31 ms, found 8 plugins.
Preloading 0 native plugins for Editor in 0.00 ms.
Mono: successfully reloaded assembly
- Completed reload, in  1.554 seconds
Platform modules already initialized, skipping
Shader 'Universal Render Pipeline/Particles/Lit': fallback shader 'Universal Render Pipeline/Particles/SimpleLit' not found
Refreshing native plugins compatible for Editor in 1.30 ms, found 8 plugins.
Preloading 0 native plugins for Editor in 0.00 ms.
Unloading 4495 Unused Serialized files (Serialized files now loaded: 0)
System memory in use before: 187.8 MB.
System memory in use after: 187.7 MB.

Unloading 49 unused Assets to reduce memory usage. Loaded Objects now: 5093.
Total: 3.923100 ms (FindLiveObjects: 0.527800 ms CreateObjectMapping: 0.337600 ms MarkObjects: 2.873400 ms  DeleteObjects: 0.182400 ms)

========================================================================
Received Prepare
Registering precompiled user dll's ...
Registered in 0.024629 seconds.
Begin MonoManager ReloadAssembly
Symbol file LoadedFromMemory is not a mono symbol file
Symbol file LoadedFromMemory is not a mono symbol file
Symbol file LoadedFromMemory is not a mono symbol file
Symbol file LoadedFromMemory is not a mono symbol file
Native extension for WindowsStandalone target not found
Refreshing native plugins compatible for Editor in 1.55 ms, found 8 plugins.
Preloading 0 native plugins for Editor in 0.00 ms.
Mono: successfully reloaded assembly
- Completed reload, in  1.662 seconds
Platform modules already initialized, skipping
Shader 'Universal Render Pipeline/Particles/Lit': fallback shader 'Universal Render Pipeline/Particles/SimpleLit' not found
Refreshing native plugins compatible for Editor in 1.36 ms, found 8 plugins.
Preloading 0 native plugins for Editor in 0.00 ms.
Unloading 4495 Unused Serialized files (Serialized files now loaded: 0)
System memory in use before: 188.0 MB.
System memory in use after: 187.9 MB.

Unloading 49 unused Assets to reduce memory usage. Loaded Objects now: 5097.
Total: 4.879700 ms (FindLiveObjects: 1.023900 ms CreateObjectMapping: 0.543500 ms MarkObjects: 3.122900 ms  DeleteObjects: 0.187800 ms)

========================================================================
Received Import Request.
  Time since last request: 199.487131 seconds.
  path: Assets/Plugins/GitHub
  artifactKey: Guid(18e096a98c2704c40a818dd1214cd179) Importer(815301076,1909f56bfc062723c751e8b465ee728b)
Start importing Assets/Plugins/GitHub using Guid(18e096a98c2704c40a818dd1214cd179) Importer(815301076,1909f56bfc062723c751e8b465ee728b)  -> (artifact id: '7f94447517bbf8fdee07ab89bda5ac9a') in 0.014155 seconds 
========================================================================
Received Import Request.
  Time since last request: 1.604939 seconds.
  path: Assets/Plugins/GitHub/Editor
  artifactKey: Guid(cad92998c5182496e8b989b406d9f156) Importer(815301076,1909f56bfc062723c751e8b465ee728b)
Start importing Assets/Plugins/GitHub/Editor using Guid(cad92998c5182496e8b989b406d9f156) Importer(815301076,1909f56bfc062723c751e8b465ee728b)  -> (artifact id: '3f3289b152bbf51b9f16755b0e1134b6') in 0.004739 seconds 
========================================================================
Received Import Request.
  Time since last request: 0.074231 seconds.
  path: Assets/Plugins/GitHub/Editor/big-logo@2x.png
  artifactKey: Guid(f81094832d834c64d93b198cb16b6a3e) Importer(815301076,1909f56bfc062723c751e8b465ee728b)
Start importing Assets/Plugins/GitHub/Editor/big-logo@2x.png using Guid(f81094832d834c64d93b198cb16b6a3e) Importer(815301076,1909f56bfc062723c751e8b465ee728b)  -> (artifact id: 'a9e11ab5f17da6cbbbb4e3a128d166d8') in 0.139485 seconds 
========================================================================
Received Import Request.
  Time since last request: 37.231149 seconds.
  path: Assets/Plugins/GitHub/Editor/ExtensionLoader.cs
  artifactKey: Guid(dae2ecee8a704dd59797e26554ff8606) Importer(815301076,1909f56bfc062723c751e8b465ee728b)
Start importing Assets/Plugins/GitHub/Editor/ExtensionLoader.cs using Guid(dae2ecee8a704dd59797e26554ff8606) Importer(815301076,1909f56bfc062723c751e8b465ee728b)  -> (artifact id: '5753f7ca35aa59e132396a03bc126b4c') in 0.021385 seconds 
========================================================================
Received Import Request.
  Time since last request: 11.447447 seconds.
  path: Assets/Plugins/GitHub/Editor/x64
  artifactKey: Guid(a0ded7adcc817ce489fec07977f16d13) Importer(815301076,1909f56bfc062723c751e8b465ee728b)
Start importing Assets/Plugins/GitHub/Editor/x64 using Guid(a0ded7adcc817ce489fec07977f16d13) Importer(815301076,1909f56bfc062723c751e8b465ee728b)  -> (artifact id: '6ec35eade265ebab4bb414645009fff6') in 0.005887 seconds 
========================================================================
Received Import Request.
  Time since last request: 2.584058 seconds.
  path: Assets/Plugins/GitHub/Editor/x86
  artifactKey: Guid(99b48d4d4f6a66340ab06bd487d70a45) Importer(815301076,1909f56bfc062723c751e8b465ee728b)
Start importing Assets/Plugins/GitHub/Editor/x86 using Guid(99b48d4d4f6a66340ab06bd487d70a45) Importer(815301076,1909f56bfc062723c751e8b465ee728b)  -> (artifact id: 'e4e2b918a641f641d2a0391174399d1f') in 0.007048 seconds 
========================================================================
Received Import Request.
  Time since last request: 72.233402 seconds.
  path: Assets/Plugins/GitHub/Editor/UnityAPIWrapper.cs
  artifactKey: Guid(555cd6f54c03341b1970d950df1a5ee5) Importer(815301076,1909f56bfc062723c751e8b465ee728b)
Start importing Assets/Plugins/GitHub/Editor/UnityAPIWrapper.cs using Guid(555cd6f54c03341b1970d950df1a5ee5) Importer(815301076,1909f56bfc062723c751e8b465ee728b)  -> (artifact id: '093cc1abe6cf672c06ddc425fba1b2fb') in 0.004117 seconds 
========================================================================
Received Import Request.
  Time since last request: 2.280470 seconds.
  path: Assets/Plugins/GitHub/Editor/QuickGuide.pdf
  artifactKey: Guid(d601ecb6855bb432bae2aa49d8fd82e8) Importer(815301076,1909f56bfc062723c751e8b465ee728b)
Start importing Assets/Plugins/GitHub/Editor/QuickGuide.pdf using Guid(d601ecb6855bb432bae2aa49d8fd82e8) Importer(815301076,1909f56bfc062723c751e8b465ee728b)  -> (artifact id: 'eedee00d63bc59b0870860328b52b159') in 0.018485 seconds 
